<?xml version="1.0" encoding="UTF-8"?>
<!-- Generated by org.testng.reporters.JUnitReportReporter -->
<testsuite hostname="DESKTOP-A5LBHQJ" failures="0" tests="1" name="testcases.TC02_AddProductsToCart" time="2.927" errors="0" timestamp="2023-09-12T02:12:24 EEST" skipped="0">
  <testcase classname="testcases.TC02_AddProductsToCart" name="Add_Products_To_Shopping_Cart" time="2.927"/>
  <system-out/>
</testsuite> <!-- testcases.TC02_AddProductsToCart -->
