<?xml version="1.0" encoding="UTF-8"?>
<!-- Generated by org.testng.reporters.JUnitReportReporter -->
<testsuite hostname="DESKTOP-A5LBHQJ" failures="0" tests="1" name="testcases.TC06_ConfirmOrder" time="21.968" errors="0" timestamp="2023-09-18T13:18:39 EEST" skipped="0">
  <testcase classname="testcases.TC06_ConfirmOrder" name="Confirm_Order" time="21.968"/>
  <system-out/>
</testsuite> <!-- testcases.TC06_ConfirmOrder -->
