<?xml version="1.0" encoding="UTF-8"?>
<!-- Generated by org.testng.reporters.JUnitReportReporter -->
<testsuite hostname="DESKTOP-A5LBHQJ" failures="0" tests="1" name="testcases.TC02_AddAllProductsToCart" time="3.088" errors="0" timestamp="2023-09-29T16:39:28 EEST" skipped="0">
  <testcase classname="testcases.TC02_AddAllProductsToCart" name="Add_Products_To_Shopping_Cart" time="3.088"/>
  <system-out/>
</testsuite> <!-- testcases.TC02_AddAllProductsToCart -->
