<?xml version="1.0" encoding="UTF-8"?>
<!-- Generated by org.testng.reporters.JUnitReportReporter -->
<testsuite hostname="DESKTOP-7C9JJOS" failures="0" tests="5" name="testcases.TC01_LoginPage" time="85.906" errors="0" timestamp="2023-10-05T20:56:53 EEST" skipped="0">
  <testcase classname="testcases.TC01_LoginPage" name="loginWithValidEmailAndValidPassword_P" time="31.647"/>
  <system-out/>
  <testcase classname="testcases.TC01_LoginPage" name="loginWithValidEmailAndValidPassword_P" time="52.095"/>
  <system-out/>
  <testcase classname="testcases.TC01_LoginPage" name="loginWithValidEmailAndInvalidPassword_N" time="0.671"/>
  <system-out/>
  <testcase classname="testcases.TC01_LoginPage" name="loginWithInvalidEmailAndValidPassword_N" time="0.725"/>
  <system-out/>
  <testcase classname="testcases.TC01_LoginPage" name="loginWithInvalidEmailAndInvalidPassword_N" time="0.768"/>
  <system-out/>
</testsuite> <!-- testcases.TC01_LoginPage -->
