<?xml version="1.0" encoding="UTF-8"?>
<!-- Generated by org.testng.reporters.JUnitReportReporter -->
<testsuite hostname="DESKTOP-A5LBHQJ" failures="0" tests="1" name="testcases.TC05_CheckoutYourInformation" time="6.425" errors="0" timestamp="2023-09-10T17:09:44 EEST" skipped="0">
  <testcase classname="testcases.TC05_CheckoutYourInformation" name="CheckoutTheInformation" time="6.425"/>
  <system-out/>
</testsuite> <!-- testcases.TC05_CheckoutYourInformation -->
