<?xml version="1.0" encoding="UTF-8"?>
<!-- Generated by org.testng.reporters.JUnitReportReporter -->
<testsuite hostname="DESKTOP-A5LBHQJ" failures="0" tests="1" name="testcases.TC06_ConfirmOrder" time="4.621" errors="0" timestamp="2023-09-19T11:27:50 EEST" skipped="0">
  <testcase classname="testcases.TC06_ConfirmOrder" name="Confirm_Order" time="4.621"/>
  <system-out/>
</testsuite> <!-- testcases.TC06_ConfirmOrder -->
