<?xml version="1.0" encoding="UTF-8"?>
<!-- Generated by org.testng.reporters.JUnitReportReporter -->
<testsuite hostname="DESKTOP-A5LBHQJ" failures="0" tests="1" name="testcases.TC03_AddRandomProductsToCart" time="10.311" errors="0" timestamp="2023-09-19T17:07:58 EEST" skipped="0">
  <testcase classname="testcases.TC03_AddRandomProductsToCart" name="Add_Random_Products_To_Shopping_Cart" time="10.311"/>
  <system-out/>
</testsuite> <!-- testcases.TC03_AddRandomProductsToCart -->
