<?xml version="1.0" encoding="UTF-8"?>
<!-- Generated by org.testng.reporters.JUnitReportReporter -->
<testsuite hostname="DESKTOP-A5LBHQJ" failures="0" tests="1" name="testcases.TC01_LoginPage" time="4.179" errors="0" timestamp="2023-09-10T15:42:10 EEST" skipped="0">
  <testcase classname="testcases.TC01_LoginPage" name="loginWithValidEmailAndValidPassword_P" time="4.179"/>
  <system-out/>
</testsuite> <!-- testcases.TC01_LoginPage -->
