<?xml version="1.0" encoding="UTF-8"?>
<!-- Generated by org.testng.reporters.JUnitReportReporter -->
<testsuite hostname="DESKTOP-A5LBHQJ" failures="0" tests="1" name="testcases.TC07_ConfirmOrderWithRandomProducts" time="34.264" errors="0" timestamp="2023-09-22T02:34:52 EEST" skipped="0">
  <testcase classname="testcases.TC07_ConfirmOrderWithRandomProducts" name="Confirm_Order" time="34.264"/>
  <system-out/>
</testsuite> <!-- testcases.TC07_ConfirmOrderWithRandomProducts -->
