<?xml version="1.0" encoding="UTF-8"?>
<!-- Generated by org.testng.reporters.JUnitReportReporter -->
<testsuite hostname="DESKTOP-A5LBHQJ" failures="0" tests="1" name="testcases.TC02_AddProductsToCart" time="5.629" errors="0" timestamp="2023-09-11T23:19:19 EEST" skipped="0">
  <testcase classname="testcases.TC02_AddProductsToCart" name="Add_Products_To_Shopping_Cart" time="5.629"/>
  <system-out/>
</testsuite> <!-- testcases.TC02_AddProductsToCart -->
